<?xml version="1.0" encoding="UTF-8"?>
<testsuite xmlns:xsi="http://www.w3.org/2001/XMLSchema-instance" xsi:noNamespaceSchemaLocation="https://maven.apache.org/surefire/maven-surefire-plugin/xsd/surefire-test-report.xsd" name="com.smockin.mockserver.service.HttpProxyServiceTest" time="6.033" tests="3" errors="0" skipped="0" failures="0">
  <properties>
    <property name="sun.desktop" value="windows"/>
    <property name="awt.toolkit" value="sun.awt.windows.WToolkit"/>
    <property name="java.specification.version" value="11"/>
    <property name="sun.cpu.isalist" value="amd64"/>
    <property name="sun.jnu.encoding" value="Cp1252"/>
    <property name="java.class.path" value="C:\Users\theca\OneDrive\Documentos\programaçao\sMockin\target\test-classes;C:\Users\theca\OneDrive\Documentos\programaçao\sMockin\target\classes;C:\Users\theca\.m2\repository\org\springframework\boot\spring-boot-starter-web\2.7.11\spring-boot-starter-web-2.7.11.jar;C:\Users\theca\.m2\repository\org\springframework\boot\spring-boot-starter\2.7.11\spring-boot-starter-2.7.11.jar;C:\Users\theca\.m2\repository\org\springframework\boot\spring-boot\2.7.11\spring-boot-2.7.11.jar;C:\Users\theca\.m2\repository\org\springframework\boot\spring-boot-autoconfigure\2.7.11\spring-boot-autoconfigure-2.7.11.jar;C:\Users\theca\.m2\repository\org\springframework\boot\spring-boot-starter-logging\2.7.11\spring-boot-starter-logging-2.7.11.jar;C:\Users\theca\.m2\repository\ch\qos\logback\logback-classic\1.2.12\logback-classic-1.2.12.jar;C:\Users\theca\.m2\repository\ch\qos\logback\logback-core\1.2.12\logback-core-1.2.12.jar;C:\Users\theca\.m2\repository\org\apache\logging\log4j\log4j-to-slf4j\2.17.2\log4j-to-slf4j-2.17.2.jar;C:\Users\theca\.m2\repository\org\apache\logging\log4j\log4j-api\2.17.2\log4j-api-2.17.2.jar;C:\Users\theca\.m2\repository\org\slf4j\jul-to-slf4j\1.7.36\jul-to-slf4j-1.7.36.jar;C:\Users\theca\.m2\repository\jakarta\annotation\jakarta.annotation-api\1.3.5\jakarta.annotation-api-1.3.5.jar;C:\Users\theca\.m2\repository\org\springframework\boot\spring-boot-starter-json\2.7.11\spring-boot-starter-json-2.7.11.jar;C:\Users\theca\.m2\repository\com\fasterxml\jackson\datatype\jackson-datatype-jdk8\2.13.5\jackson-datatype-jdk8-2.13.5.jar;C:\Users\theca\.m2\repository\com\fasterxml\jackson\datatype\jackson-datatype-jsr310\2.13.5\jackson-datatype-jsr310-2.13.5.jar;C:\Users\theca\.m2\repository\com\fasterxml\jackson\module\jackson-module-parameter-names\2.13.5\jackson-module-parameter-names-2.13.5.jar;C:\Users\theca\.m2\repository\org\springframework\spring-web\5.3.27\spring-web-5.3.27.jar;C:\Users\theca\.m2\repository\org\springframework\spring-beans\5.3.27\spring-beans-5.3.27.jar;C:\Users\theca\.m2\repository\org\springframework\spring-webmvc\5.3.27\spring-webmvc-5.3.27.jar;C:\Users\theca\.m2\repository\org\springframework\spring-aop\5.3.27\spring-aop-5.3.27.jar;C:\Users\theca\.m2\repository\org\springframework\spring-context\5.3.27\spring-context-5.3.27.jar;C:\Users\theca\.m2\repository\org\springframework\spring-expression\5.3.27\spring-expression-5.3.27.jar;C:\Users\theca\.m2\repository\org\springframework\boot\spring-boot-starter-jetty\2.7.11\spring-boot-starter-jetty-2.7.11.jar;C:\Users\theca\.m2\repository\jakarta\servlet\jakarta.servlet-api\4.0.4\jakarta.servlet-api-4.0.4.jar;C:\Users\theca\.m2\repository\jakarta\websocket\jakarta.websocket-api\1.1.2\jakarta.websocket-api-1.1.2.jar;C:\Users\theca\.m2\repository\org\apache\tomcat\embed\tomcat-embed-el\9.0.74\tomcat-embed-el-9.0.74.jar;C:\Users\theca\.m2\repository\org\eclipse\jetty\jetty-servlets\9.4.51.v20230217\jetty-servlets-9.4.51.v20230217.jar;C:\Users\theca\.m2\repository\org\eclipse\jetty\jetty-continuation\9.4.51.v20230217\jetty-continuation-9.4.51.v20230217.jar;C:\Users\theca\.m2\repository\org\eclipse\jetty\jetty-http\9.4.51.v20230217\jetty-http-9.4.51.v20230217.jar;C:\Users\theca\.m2\repository\org\eclipse\jetty\jetty-util\9.4.51.v20230217\jetty-util-9.4.51.v20230217.jar;C:\Users\theca\.m2\repository\org\eclipse\jetty\jetty-io\9.4.51.v20230217\jetty-io-9.4.51.v20230217.jar;C:\Users\theca\.m2\repository\org\eclipse\jetty\jetty-webapp\9.4.51.v20230217\jetty-webapp-9.4.51.v20230217.jar;C:\Users\theca\.m2\repository\org\eclipse\jetty\jetty-xml\9.4.51.v20230217\jetty-xml-9.4.51.v20230217.jar;C:\Users\theca\.m2\repository\org\eclipse\jetty\websocket\websocket-server\9.4.51.v20230217\websocket-server-9.4.51.v20230217.jar;C:\Users\theca\.m2\repository\org\eclipse\jetty\websocket\websocket-common\9.4.51.v20230217\websocket-common-9.4.51.v20230217.jar;C:\Users\theca\.m2\repository\org\eclipse\jetty\websocket\websocket-client\9.4.51.v20230217\websocket-client-9.4.51.v20230217.jar;C:\Users\theca\.m2\repository\org\eclipse\jetty\jetty-client\9.4.51.v20230217\jetty-client-9.4.51.v20230217.jar;C:\Users\theca\.m2\repository\org\eclipse\jetty\websocket\javax-websocket-server-impl\9.4.51.v20230217\javax-websocket-server-impl-9.4.51.v20230217.jar;C:\Users\theca\.m2\repository\org\eclipse\jetty\jetty-annotations\9.4.51.v20230217\jetty-annotations-9.4.51.v20230217.jar;C:\Users\theca\.m2\repository\org\eclipse\jetty\jetty-plus\9.4.51.v20230217\jetty-plus-9.4.51.v20230217.jar;C:\Users\theca\.m2\repository\org\ow2\asm\asm\9.4\asm-9.4.jar;C:\Users\theca\.m2\repository\org\ow2\asm\asm-commons\9.4\asm-commons-9.4.jar;C:\Users\theca\.m2\repository\org\ow2\asm\asm-tree\9.4\asm-tree-9.4.jar;C:\Users\theca\.m2\repository\org\eclipse\jetty\websocket\javax-websocket-client-impl\9.4.51.v20230217\javax-websocket-client-impl-9.4.51.v20230217.jar;C:\Users\theca\.m2\repository\org\springframework\boot\spring-boot-starter-data-jpa\2.7.11\spring-boot-starter-data-jpa-2.7.11.jar;C:\Users\theca\.m2\repository\org\springframework\boot\spring-boot-starter-aop\2.7.11\spring-boot-starter-aop-2.7.11.jar;C:\Users\theca\.m2\repository\org\aspectj\aspectjweaver\1.9.7\aspectjweaver-1.9.7.jar;C:\Users\theca\.m2\repository\org\springframework\boot\spring-boot-starter-jdbc\2.7.11\spring-boot-starter-jdbc-2.7.11.jar;C:\Users\theca\.m2\repository\org\springframework\spring-jdbc\5.3.27\spring-jdbc-5.3.27.jar;C:\Users\theca\.m2\repository\jakarta\transaction\jakarta.transaction-api\1.3.3\jakarta.transaction-api-1.3.3.jar;C:\Users\theca\.m2\repository\jakarta\persistence\jakarta.persistence-api\2.2.3\jakarta.persistence-api-2.2.3.jar;C:\Users\theca\.m2\repository\org\hibernate\hibernate-core\5.6.15.Final\hibernate-core-5.6.15.Final.jar;C:\Users\theca\.m2\repository\org\jboss\logging\jboss-logging\3.4.3.Final\jboss-logging-3.4.3.Final.jar;C:\Users\theca\.m2\repository\antlr\antlr\2.7.7\antlr-2.7.7.jar;C:\Users\theca\.m2\repository\org\jboss\jandex\2.4.2.Final\jandex-2.4.2.Final.jar;C:\Users\theca\.m2\repository\com\fasterxml\classmate\1.5.1\classmate-1.5.1.jar;C:\Users\theca\.m2\repository\org\hibernate\common\hibernate-commons-annotations\5.1.2.Final\hibernate-commons-annotations-5.1.2.Final.jar;C:\Users\theca\.m2\repository\org\glassfish\jaxb\jaxb-runtime\2.3.8\jaxb-runtime-2.3.8.jar;C:\Users\theca\.m2\repository\org\glassfish\jaxb\txw2\2.3.8\txw2-2.3.8.jar;C:\Users\theca\.m2\repository\com\sun\istack\istack-commons-runtime\3.0.12\istack-commons-runtime-3.0.12.jar;C:\Users\theca\.m2\repository\org\springframework\data\spring-data-jpa\2.7.11\spring-data-jpa-2.7.11.jar;C:\Users\theca\.m2\repository\org\springframework\data\spring-data-commons\2.7.11\spring-data-commons-2.7.11.jar;C:\Users\theca\.m2\repository\org\springframework\spring-orm\5.3.27\spring-orm-5.3.27.jar;C:\Users\theca\.m2\repository\org\springframework\spring-tx\5.3.27\spring-tx-5.3.27.jar;C:\Users\theca\.m2\repository\org\springframework\spring-aspects\5.3.27\spring-aspects-5.3.27.jar;C:\Users\theca\.m2\repository\org\springframework\boot\spring-boot-starter-websocket\2.7.11\spring-boot-starter-websocket-2.7.11.jar;C:\Users\theca\.m2\repository\org\springframework\spring-messaging\5.3.27\spring-messaging-5.3.27.jar;C:\Users\theca\.m2\repository\org\springframework\spring-websocket\5.3.27\spring-websocket-5.3.27.jar;C:\Users\theca\.m2\repository\com\fasterxml\jackson\core\jackson-databind\2.14.2\jackson-databind-2.14.2.jar;C:\Users\theca\.m2\repository\com\fasterxml\jackson\core\jackson-annotations\2.13.5\jackson-annotations-2.13.5.jar;C:\Users\theca\.m2\repository\com\fasterxml\jackson\core\jackson-core\2.13.5\jackson-core-2.13.5.jar;C:\Users\theca\.m2\repository\com\sparkjava\spark-core\2.9.1\spark-core-2.9.1.jar;C:\Users\theca\.m2\repository\org\slf4j\slf4j-api\1.7.36\slf4j-api-1.7.36.jar;C:\Users\theca\.m2\repository\org\eclipse\jetty\jetty-server\9.4.51.v20230217\jetty-server-9.4.51.v20230217.jar;C:\Users\theca\.m2\repository\javax\servlet\javax.servlet-api\4.0.1\javax.servlet-api-4.0.1.jar;C:\Users\theca\.m2\repository\org\eclipse\jetty\websocket\websocket-servlet\9.4.51.v20230217\websocket-servlet-9.4.51.v20230217.jar;C:\Users\theca\.m2\repository\org\eclipse\jetty\websocket\websocket-api\9.4.51.v20230217\websocket-api-9.4.51.v20230217.jar;C:\Users\theca\.m2\repository\com\h2database\h2\2.1.212\h2-2.1.212.jar;C:\Users\theca\.m2\repository\com\zaxxer\HikariCP\2.6.1\HikariCP-2.6.1.jar;C:\Users\theca\.m2\repository\org\apache\commons\commons-lang3\3.5\commons-lang3-3.5.jar;C:\Users\theca\.m2\repository\org\apache\httpcomponents\httpclient\4.5.13\httpclient-4.5.13.jar;C:\Users\theca\.m2\repository\org\apache\httpcomponents\httpcore\4.4.16\httpcore-4.4.16.jar;C:\Users\theca\.m2\repository\commons-codec\commons-codec\1.15\commons-codec-1.15.jar;C:\Users\theca\.m2\repository\org\apache\httpcomponents\fluent-hc\4.5.13\fluent-hc-4.5.13.jar;C:\Users\theca\.m2\repository\commons-logging\commons-logging\1.2\commons-logging-1.2.jar;C:\Users\theca\.m2\repository\commons-io\commons-io\2.7\commons-io-2.7.jar;C:\Users\theca\.m2\repository\org\apache\commons\commons-email\1.5\commons-email-1.5.jar;C:\Users\theca\.m2\repository\com\sun\mail\javax.mail\1.5.6\javax.mail-1.5.6.jar;C:\Users\theca\.m2\repository\javax\activation\activation\1.1\activation-1.1.jar;C:\Users\theca\.m2\repository\org\projectlombok\lombok\1.18.22\lombok-1.18.22.jar;C:\Users\theca\.m2\repository\org\raml\raml-parser-2\1.0.25\raml-parser-2-1.0.25.jar;C:\Users\theca\.m2\repository\org\raml\yagi\1.0.25\yagi-1.0.25.jar;C:\Users\theca\.m2\repository\commons-lang\commons-lang\2.6\commons-lang-2.6.jar;C:\Users\theca\.m2\repository\com\google\code\findbugs\annotations\3.0.0\annotations-3.0.0.jar;C:\Users\theca\.m2\repository\joda-time\joda-time\2.3\joda-time-2.3.jar;C:\Users\theca\.m2\repository\com\google\guava\guava\18.0\guava-18.0.jar;C:\Users\theca\.m2\repository\com\fasterxml\jackson\module\jackson-module-jsonSchema\2.13.5\jackson-module-jsonSchema-2.13.5.jar;C:\Users\theca\.m2\repository\javax\validation\validation-api\2.0.1.Final\validation-api-2.0.1.Final.jar;C:\Users\theca\.m2\repository\com\github\java-json-tools\json-schema-validator\2.2.8\json-schema-validator-2.2.8.jar;C:\Users\theca\.m2\repository\com\github\java-json-tools\json-schema-core\1.2.8\json-schema-core-1.2.8.jar;C:\Users\theca\.m2\repository\org\mozilla\rhino\1.7R4\rhino-1.7R4.jar;C:\Users\theca\.m2\repository\com\github\fge\jackson-coreutils\1.8\jackson-coreutils-1.8.jar;C:\Users\theca\.m2\repository\com\github\fge\msg-simple\1.1\msg-simple-1.1.jar;C:\Users\theca\.m2\repository\com\github\fge\btf\1.2\btf-1.2.jar;C:\Users\theca\.m2\repository\com\github\fge\uri-template\0.9\uri-template-0.9.jar;C:\Users\theca\.m2\repository\com\googlecode\libphonenumber\libphonenumber\8.0.0\libphonenumber-8.0.0.jar;C:\Users\theca\.m2\repository\net\sf\jopt-simple\jopt-simple\5.0.3\jopt-simple-5.0.3.jar;C:\Users\theca\.m2\repository\com\googlecode\juniversalchardet\juniversalchardet\1.0.3\juniversalchardet-1.0.3.jar;C:\Users\theca\.m2\repository\org\apache\ws\xmlschema\xmlschema-core\2.2.1\xmlschema-core-2.2.1.jar;C:\Users\theca\.m2\repository\javax\json\javax.json-api\1.1.4\javax.json-api-1.1.4.jar;C:\Users\theca\.m2\repository\org\glassfish\javax.json\1.0.4\javax.json-1.0.4.jar;C:\Users\theca\.m2\repository\org\openapitools\openapi-generator-maven-plugin\5.1.0\openapi-generator-maven-plugin-5.1.0.jar;C:\Users\theca\.m2\repository\org\sonatype\plexus\plexus-build-api\0.0.7\plexus-build-api-0.0.7.jar;C:\Users\theca\.m2\repository\org\codehaus\plexus\plexus-utils\1.5.8\plexus-utils-1.5.8.jar;C:\Users\theca\.m2\repository\org\apache\maven\maven-core\3.3.1\maven-core-3.3.1.jar;C:\Users\theca\.m2\repository\org\apache\maven\maven-model\3.3.1\maven-model-3.3.1.jar;C:\Users\theca\.m2\repository\org\apache\maven\maven-settings\3.3.1\maven-settings-3.3.1.jar;C:\Users\theca\.m2\repository\org\apache\maven\maven-settings-builder\3.3.1\maven-settings-builder-3.3.1.jar;C:\Users\theca\.m2\repository\org\apache\maven\maven-builder-support\3.3.1\maven-builder-support-3.3.1.jar;C:\Users\theca\.m2\repository\org\apache\maven\maven-repository-metadata\3.3.1\maven-repository-metadata-3.3.1.jar;C:\Users\theca\.m2\repository\org\apache\maven\maven-artifact\3.3.1\maven-artifact-3.3.1.jar;C:\Users\theca\.m2\repository\org\apache\maven\maven-model-builder\3.3.1\maven-model-builder-3.3.1.jar;C:\Users\theca\.m2\repository\org\apache\maven\maven-aether-provider\3.3.1\maven-aether-provider-3.3.1.jar;C:\Users\theca\.m2\repository\org\eclipse\aether\aether-spi\1.0.2.v20150114\aether-spi-1.0.2.v20150114.jar;C:\Users\theca\.m2\repository\org\eclipse\aether\aether-impl\1.0.2.v20150114\aether-impl-1.0.2.v20150114.jar;C:\Users\theca\.m2\repository\org\eclipse\aether\aether-api\1.0.2.v20150114\aether-api-1.0.2.v20150114.jar;C:\Users\theca\.m2\repository\org\eclipse\aether\aether-util\1.0.2.v20150114\aether-util-1.0.2.v20150114.jar;C:\Users\theca\.m2\repository\org\eclipse\sisu\org.eclipse.sisu.plexus\0.3.0\org.eclipse.sisu.plexus-0.3.0.jar;C:\Users\theca\.m2\repository\javax\enterprise\cdi-api\1.0\cdi-api-1.0.jar;C:\Users\theca\.m2\repository\org\eclipse\sisu\org.eclipse.sisu.inject\0.3.0\org.eclipse.sisu.inject-0.3.0.jar;C:\Users\theca\.m2\repository\org\sonatype\sisu\sisu-guice\3.2.5\sisu-guice-3.2.5-no_aop.jar;C:\Users\theca\.m2\repository\javax\inject\javax.inject\1\javax.inject-1.jar;C:\Users\theca\.m2\repository\aopalliance\aopalliance\1.0\aopalliance-1.0.jar;C:\Users\theca\.m2\repository\org\codehaus\plexus\plexus-interpolation\1.21\plexus-interpolation-1.21.jar;C:\Users\theca\.m2\repository\org\codehaus\plexus\plexus-classworlds\2.5.2\plexus-classworlds-2.5.2.jar;C:\Users\theca\.m2\repository\org\codehaus\plexus\plexus-component-annotations\1.5.5\plexus-component-annotations-1.5.5.jar;C:\Users\theca\.m2\repository\org\sonatype\plexus\plexus-sec-dispatcher\1.3\plexus-sec-dispatcher-1.3.jar;C:\Users\theca\.m2\repository\org\sonatype\plexus\plexus-cipher\1.4\plexus-cipher-1.4.jar;C:\Users\theca\.m2\repository\org\apache\maven\maven-compat\3.5.0\maven-compat-3.5.0.jar;C:\Users\theca\.m2\repository\org\apache\maven\maven-resolver-provider\3.5.0\maven-resolver-provider-3.5.0.jar;C:\Users\theca\.m2\repository\org\apache\maven\resolver\maven-resolver-spi\1.0.3\maven-resolver-spi-1.0.3.jar;C:\Users\theca\.m2\repository\org\apache\maven\resolver\maven-resolver-api\1.0.3\maven-resolver-api-1.0.3.jar;C:\Users\theca\.m2\repository\org\apache\maven\resolver\maven-resolver-util\1.0.3\maven-resolver-util-1.0.3.jar;C:\Users\theca\.m2\repository\org\apache\maven\resolver\maven-resolver-impl\1.0.3\maven-resolver-impl-1.0.3.jar;C:\Users\theca\.m2\repository\org\apache\maven\wagon\wagon-provider-api\2.12\wagon-provider-api-2.12.jar;C:\Users\theca\.m2\repository\org\apache\maven\maven-plugin-api\3.3.1\maven-plugin-api-3.3.1.jar;C:\Users\theca\.m2\repository\org\apache\maven\plugin-tools\maven-plugin-annotations\3.4\maven-plugin-annotations-3.4.jar;C:\Users\theca\.m2\repository\org\openapitools\openapi-generator\5.1.0\openapi-generator-5.1.0.jar;C:\Users\theca\.m2\repository\io\swagger\core\v3\swagger-core\2.1.2\swagger-core-2.1.2.jar;C:\Users\theca\.m2\repository\com\fasterxml\jackson\dataformat\jackson-dataformat-yaml\2.13.5\jackson-dataformat-yaml-2.13.5.jar;C:\Users\theca\.m2\repository\io\swagger\core\v3\swagger-annotations\2.1.2\swagger-annotations-2.1.2.jar;C:\Users\theca\.m2\repository\io\swagger\core\v3\swagger-models\2.1.2\swagger-models-2.1.2.jar;C:\Users\theca\.m2\repository\jakarta\validation\jakarta.validation-api\2.0.2\jakarta.validation-api-2.0.2.jar;C:\Users\theca\.m2\repository\io\swagger\parser\v3\swagger-parser\2.0.24\swagger-parser-2.0.24.jar;C:\Users\theca\.m2\repository\io\swagger\parser\v3\swagger-parser-v2-converter\2.0.24\swagger-parser-v2-converter-2.0.24.jar;C:\Users\theca\.m2\repository\io\swagger\swagger-core\1.6.2\swagger-core-1.6.2.jar;C:\Users\theca\.m2\repository\io\swagger\swagger-models\1.6.2\swagger-models-1.6.2.jar;C:\Users\theca\.m2\repository\io\swagger\swagger-annotations\1.6.2\swagger-annotations-1.6.2.jar;C:\Users\theca\.m2\repository\io\swagger\swagger-parser\1.0.53\swagger-parser-1.0.53.jar;C:\Users\theca\.m2\repository\io\swagger\swagger-compat-spec-parser\1.0.53\swagger-compat-spec-parser-1.0.53.jar;C:\Users\theca\.m2\repository\com\github\java-json-tools\json-patch\1.13\json-patch-1.13.jar;C:\Users\theca\.m2\repository\com\github\java-json-tools\msg-simple\1.2\msg-simple-1.2.jar;C:\Users\theca\.m2\repository\com\github\java-json-tools\btf\1.3\btf-1.3.jar;C:\Users\theca\.m2\repository\com\github\java-json-tools\jackson-coreutils\2.0\jackson-coreutils-2.0.jar;C:\Users\theca\.m2\repository\io\swagger\parser\v3\swagger-parser-core\2.0.24\swagger-parser-core-2.0.24.jar;C:\Users\theca\.m2\repository\io\swagger\parser\v3\swagger-parser-v3\2.0.24\swagger-parser-v3-2.0.24.jar;C:\Users\theca\.m2\repository\com\samskivert\jmustache\1.15\jmustache-1.15.jar;C:\Users\theca\.m2\repository\com\github\jknack\handlebars\4.1.2\handlebars-4.1.2.jar;C:\Users\theca\.m2\repository\com\github\jknack\handlebars-jackson2\4.1.2\handlebars-jackson2-4.1.2.jar;C:\Users\theca\.m2\repository\org\slf4j\slf4j-ext\1.7.36\slf4j-ext-1.7.36.jar;C:\Users\theca\.m2\repository\org\slf4j\slf4j-simple\1.7.36\slf4j-simple-1.7.36.jar;C:\Users\theca\.m2\repository\commons-cli\commons-cli\1.2\commons-cli-1.2.jar;C:\Users\theca\.m2\repository\com\fasterxml\jackson\datatype\jackson-datatype-guava\2.13.5\jackson-datatype-guava-2.13.5.jar;C:\Users\theca\.m2\repository\com\atlassian\commonmark\commonmark\0.11.0\commonmark-0.11.0.jar;C:\Users\theca\.m2\repository\com\github\mifmif\generex\1.0.2\generex-1.0.2.jar;C:\Users\theca\.m2\repository\dk\brics\automaton\automaton\1.11-8\automaton-1.11-8.jar;C:\Users\theca\.m2\repository\com\github\curious-odd-man\rgxgen\1.3\rgxgen-1.3.jar;C:\Users\theca\.m2\repository\com\fasterxml\jackson\datatype\jackson-datatype-joda\2.13.5\jackson-datatype-joda-2.13.5.jar;C:\Users\theca\.m2\repository\com\github\joschi\jackson\jackson-datatype-threetenbp\2.10.0\jackson-datatype-threetenbp-2.10.0.jar;C:\Users\theca\.m2\repository\org\threeten\threetenbp\1.4.0\threetenbp-1.4.0.jar;C:\Users\theca\.m2\repository\org\openapitools\openapi-generator-core\5.1.0\openapi-generator-core-5.1.0.jar;C:\Users\theca\.m2\repository\net\java\dev\jna\jna\5.5.0\jna-5.5.0.jar;C:\Users\theca\.m2\repository\com\github\ben-manes\caffeine\caffeine\2.9.3\caffeine-2.9.3.jar;C:\Users\theca\.m2\repository\org\checkerframework\checker-qual\3.19.0\checker-qual-3.19.0.jar;C:\Users\theca\.m2\repository\org\jasypt\jasypt\1.9.2\jasypt-1.9.2.jar;C:\Users\theca\.m2\repository\com\auth0\java-jwt\3.4.0\java-jwt-3.4.0.jar;C:\Users\theca\.m2\repository\com\amazonaws\aws-java-sdk-s3\1.12.261\aws-java-sdk-s3-1.12.261.jar;C:\Users\theca\.m2\repository\com\amazonaws\aws-java-sdk-kms\1.12.261\aws-java-sdk-kms-1.12.261.jar;C:\Users\theca\.m2\repository\com\amazonaws\aws-java-sdk-core\1.12.261\aws-java-sdk-core-1.12.261.jar;C:\Users\theca\.m2\repository\software\amazon\ion\ion-java\1.0.2\ion-java-1.0.2.jar;C:\Users\theca\.m2\repository\com\fasterxml\jackson\dataformat\jackson-dataformat-cbor\2.13.5\jackson-dataformat-cbor-2.13.5.jar;C:\Users\theca\.m2\repository\com\amazonaws\jmespath-java\1.12.261\jmespath-java-1.12.261.jar;C:\Users\theca\.m2\repository\org\gaul\s3proxy\1.7.1\s3proxy-1.7.1.jar;C:\Users\theca\.m2\repository\args4j\args4j\2.33\args4j-2.33.jar;C:\Users\theca\.m2\repository\javax\xml\bind\jaxb-api\2.3.1\jaxb-api-2.3.1.jar;C:\Users\theca\.m2\repository\javax\activation\javax.activation-api\1.2.0\javax.activation-api-1.2.0.jar;C:\Users\theca\.m2\repository\com\fasterxml\jackson\dataformat\jackson-dataformat-xml\2.13.5\jackson-dataformat-xml-2.13.5.jar;C:\Users\theca\.m2\repository\org\codehaus\woodstox\stax2-api\4.2.1\stax2-api-4.2.1.jar;C:\Users\theca\.m2\repository\com\fasterxml\woodstox\woodstox-core\6.4.0\woodstox-core-6.4.0.jar;C:\Users\theca\.m2\repository\com\google\code\findbugs\jsr305\3.0.2\jsr305-3.0.2.jar;C:\Users\theca\.m2\repository\commons-fileupload\commons-fileupload\1.4\commons-fileupload-1.4.jar;C:\Users\theca\.m2\repository\org\apache\jclouds\jclouds-allblobstore\2.2.1\jclouds-allblobstore-2.2.1.jar;C:\Users\theca\.m2\repository\org\apache\jclouds\api\s3\2.2.1\s3-2.2.1.jar;C:\Users\theca\.m2\repository\com\jamesmurty\utils\java-xmlbuilder\1.1\java-xmlbuilder-1.1.jar;C:\Users\theca\.m2\repository\net\iharder\base64\2.3.8\base64-2.3.8.jar;C:\Users\theca\.m2\repository\org\apache\jclouds\api\sts\2.2.1\sts-2.2.1.jar;C:\Users\theca\.m2\repository\org\apache\jclouds\provider\aws-s3\2.2.1\aws-s3-2.2.1.jar;C:\Users\theca\.m2\repository\org\apache\jclouds\provider\azureblob\2.2.1\azureblob-2.2.1.jar;C:\Users\theca\.m2\repository\org\apache\jclouds\api\atmos\2.2.1\atmos-2.2.1.jar;C:\Users\theca\.m2\repository\org\apache\jclouds\provider\b2\2.2.1\b2-2.2.1.jar;C:\Users\theca\.m2\repository\org\apache\jclouds\provider\google-cloud-storage\2.2.1\google-cloud-storage-2.2.1.jar;C:\Users\theca\.m2\repository\org\apache\jclouds\common\googlecloud\2.2.1\googlecloud-2.2.1.jar;C:\Users\theca\.m2\repository\org\apache\jclouds\api\oauth\2.2.1\oauth-2.2.1.jar;C:\Users\theca\.m2\repository\org\apache\jclouds\api\openstack-swift\2.2.1\openstack-swift-2.2.1.jar;C:\Users\theca\.m2\repository\org\apache\jclouds\api\openstack-keystone\2.2.1\openstack-keystone-2.2.1.jar;C:\Users\theca\.m2\repository\com\google\inject\extensions\guice-multibindings\3.0\guice-multibindings-3.0.jar;C:\Users\theca\.m2\repository\org\apache\jclouds\provider\rackspace-cloudfiles-us\2.2.1\rackspace-cloudfiles-us-2.2.1.jar;C:\Users\theca\.m2\repository\org\apache\jclouds\api\rackspace-cloudfiles\2.2.1\rackspace-cloudfiles-2.2.1.jar;C:\Users\theca\.m2\repository\org\apache\jclouds\api\rackspace-cloudidentity\2.2.1\rackspace-cloudidentity-2.2.1.jar;C:\Users\theca\.m2\repository\org\apache\jclouds\provider\rackspace-cloudfiles-uk\2.2.1\rackspace-cloudfiles-uk-2.2.1.jar;C:\Users\theca\.m2\repository\com\google\errorprone\error_prone_annotations\2.1.0\error_prone_annotations-2.1.0.jar;C:\Users\theca\.m2\repository\org\apache\jclouds\api\filesystem\2.2.1\filesystem-2.2.1.jar;C:\Users\theca\.m2\repository\org\apache\jclouds\jclouds-blobstore\2.2.1\jclouds-blobstore-2.2.1.jar;C:\Users\theca\.m2\repository\org\apache\jclouds\driver\jclouds-slf4j\2.2.1\jclouds-slf4j-2.2.1.jar;C:\Users\theca\.m2\repository\org\apache\jclouds\jclouds-core\2.2.1\jclouds-core-2.2.1.jar;C:\Users\theca\.m2\repository\javax\ws\rs\javax.ws.rs-api\2.0.1\javax.ws.rs-api-2.0.1.jar;C:\Users\theca\.m2\repository\com\google\inject\extensions\guice-assistedinject\3.0\guice-assistedinject-3.0.jar;C:\Users\theca\.m2\repository\com\google\inject\guice\3.0\guice-3.0.jar;C:\Users\theca\.m2\repository\javax\annotation\jsr250-api\1.0\jsr250-api-1.0.jar;C:\Users\theca\.m2\repository\org\apache\jclouds\jclouds-gson\2.2.1\jclouds-gson-2.2.1.jar;C:\Users\theca\.m2\repository\org\eclipse\jetty\jetty-servlet\9.4.51.v20230217\jetty-servlet-9.4.51.v20230217.jar;C:\Users\theca\.m2\repository\org\eclipse\jetty\jetty-security\9.4.51.v20230217\jetty-security-9.4.51.v20230217.jar;C:\Users\theca\.m2\repository\org\eclipse\jetty\jetty-util-ajax\9.4.51.v20230217\jetty-util-ajax-9.4.51.v20230217.jar;C:\Users\theca\.m2\repository\com\icegreen\greenmail\1.6.5\greenmail-1.6.5.jar;C:\Users\theca\.m2\repository\com\sun\mail\jakarta.mail\1.6.7\jakarta.mail-1.6.7.jar;C:\Users\theca\.m2\repository\com\sun\activation\jakarta.activation\1.2.2\jakarta.activation-1.2.2.jar;C:\Users\theca\.m2\repository\junit\junit\4.13.2\junit-4.13.2.jar;C:\Users\theca\.m2\repository\com\github\alexdlaird\java-ngrok\2.1.0\java-ngrok-2.1.0.jar;C:\Users\theca\.m2\repository\com\google\code\gson\gson\2.9.1\gson-2.9.1.jar;C:\Users\theca\.m2\repository\org\yaml\snakeyaml\1.30\snakeyaml-1.30.jar;C:\Users\theca\.m2\repository\org\mockito\mockito-core\3.2.0\mockito-core-3.2.0.jar;C:\Users\theca\.m2\repository\net\bytebuddy\byte-buddy\1.12.23\byte-buddy-1.12.23.jar;C:\Users\theca\.m2\repository\net\bytebuddy\byte-buddy-agent\1.12.23\byte-buddy-agent-1.12.23.jar;C:\Users\theca\.m2\repository\org\objenesis\objenesis\2.6\objenesis-2.6.jar;C:\Users\theca\.m2\repository\org\springframework\boot\spring-boot-starter-test\2.7.11\spring-boot-starter-test-2.7.11.jar;C:\Users\theca\.m2\repository\org\springframework\boot\spring-boot-test\2.7.11\spring-boot-test-2.7.11.jar;C:\Users\theca\.m2\repository\org\springframework\boot\spring-boot-test-autoconfigure\2.7.11\spring-boot-test-autoconfigure-2.7.11.jar;C:\Users\theca\.m2\repository\com\jayway\jsonpath\json-path\2.7.0\json-path-2.7.0.jar;C:\Users\theca\.m2\repository\net\minidev\json-smart\2.4.10\json-smart-2.4.10.jar;C:\Users\theca\.m2\repository\net\minidev\accessors-smart\2.4.9\accessors-smart-2.4.9.jar;C:\Users\theca\.m2\repository\jakarta\xml\bind\jakarta.xml.bind-api\2.3.3\jakarta.xml.bind-api-2.3.3.jar;C:\Users\theca\.m2\repository\jakarta\activation\jakarta.activation-api\1.2.2\jakarta.activation-api-1.2.2.jar;C:\Users\theca\.m2\repository\org\assertj\assertj-core\3.22.0\assertj-core-3.22.0.jar;C:\Users\theca\.m2\repository\org\hamcrest\hamcrest\2.2\hamcrest-2.2.jar;C:\Users\theca\.m2\repository\org\junit\jupiter\junit-jupiter\5.8.2\junit-jupiter-5.8.2.jar;C:\Users\theca\.m2\repository\org\junit\jupiter\junit-jupiter-api\5.8.2\junit-jupiter-api-5.8.2.jar;C:\Users\theca\.m2\repository\org\junit\jupiter\junit-jupiter-params\5.8.2\junit-jupiter-params-5.8.2.jar;C:\Users\theca\.m2\repository\org\junit\jupiter\junit-jupiter-engine\5.8.2\junit-jupiter-engine-5.8.2.jar;C:\Users\theca\.m2\repository\org\mockito\mockito-junit-jupiter\4.5.1\mockito-junit-jupiter-4.5.1.jar;C:\Users\theca\.m2\repository\org\skyscreamer\jsonassert\1.5.1\jsonassert-1.5.1.jar;C:\Users\theca\.m2\repository\com\vaadin\external\google\android-json\0.0.20131108.vaadin1\android-json-0.0.20131108.vaadin1.jar;C:\Users\theca\.m2\repository\org\springframework\spring-core\5.3.27\spring-core-5.3.27.jar;C:\Users\theca\.m2\repository\org\springframework\spring-jcl\5.3.27\spring-jcl-5.3.27.jar;C:\Users\theca\.m2\repository\org\springframework\spring-test\5.3.27\spring-test-5.3.27.jar;C:\Users\theca\.m2\repository\org\xmlunit\xmlunit-core\2.9.1\xmlunit-core-2.9.1.jar;C:\Users\theca\.m2\repository\org\junit\vintage\junit-vintage-engine\5.8.2\junit-vintage-engine-5.8.2.jar;C:\Users\theca\.m2\repository\org\junit\platform\junit-platform-engine\1.8.2\junit-platform-engine-1.8.2.jar;C:\Users\theca\.m2\repository\org\opentest4j\opentest4j\1.2.0\opentest4j-1.2.0.jar;C:\Users\theca\.m2\repository\org\junit\platform\junit-platform-commons\1.8.2\junit-platform-commons-1.8.2.jar;C:\Users\theca\.m2\repository\org\apiguardian\apiguardian-api\1.1.2\apiguardian-api-1.1.2.jar;"/>
    <property name="java.vm.vendor" value="Oracle Corporation"/>
    <property name="sun.arch.data.model" value="64"/>
    <property name="user.variant" value=""/>
    <property name="java.vendor.url" value="https://openjdk.java.net/"/>
    <property name="user.timezone" value="America/Sao_Paulo"/>
    <property name="java.vm.specification.version" value="11"/>
    <property name="os.name" value="Windows 11"/>
    <property name="sun.java.launcher" value="SUN_STANDARD"/>
    <property name="user.country" value="BR"/>
    <property name="sun.boot.library.path" value="C:\Program Files\Java\jdk-11\bin"/>
    <property name="sun.java.command" value="C:\Users\theca\AppData\Local\Temp\surefire11523379410918739948\surefirebooter3977057933333060141.jar C:\Users\theca\AppData\Local\Temp\surefire11523379410918739948 2024-04-08T11-38-08_418-jvmRun1 surefire1100169821105525149tmp surefire_097762351509910372tmp"/>
    <property name="jdk.debug" value="release"/>
    <property name="surefire.test.class.path" value="C:\Users\theca\OneDrive\Documentos\programaçao\sMockin\target\test-classes;C:\Users\theca\OneDrive\Documentos\programaçao\sMockin\target\classes;C:\Users\theca\.m2\repository\org\springframework\boot\spring-boot-starter-web\2.7.11\spring-boot-starter-web-2.7.11.jar;C:\Users\theca\.m2\repository\org\springframework\boot\spring-boot-starter\2.7.11\spring-boot-starter-2.7.11.jar;C:\Users\theca\.m2\repository\org\springframework\boot\spring-boot\2.7.11\spring-boot-2.7.11.jar;C:\Users\theca\.m2\repository\org\springframework\boot\spring-boot-autoconfigure\2.7.11\spring-boot-autoconfigure-2.7.11.jar;C:\Users\theca\.m2\repository\org\springframework\boot\spring-boot-starter-logging\2.7.11\spring-boot-starter-logging-2.7.11.jar;C:\Users\theca\.m2\repository\ch\qos\logback\logback-classic\1.2.12\logback-classic-1.2.12.jar;C:\Users\theca\.m2\repository\ch\qos\logback\logback-core\1.2.12\logback-core-1.2.12.jar;C:\Users\theca\.m2\repository\org\apache\logging\log4j\log4j-to-slf4j\2.17.2\log4j-to-slf4j-2.17.2.jar;C:\Users\theca\.m2\repository\org\apache\logging\log4j\log4j-api\2.17.2\log4j-api-2.17.2.jar;C:\Users\theca\.m2\repository\org\slf4j\jul-to-slf4j\1.7.36\jul-to-slf4j-1.7.36.jar;C:\Users\theca\.m2\repository\jakarta\annotation\jakarta.annotation-api\1.3.5\jakarta.annotation-api-1.3.5.jar;C:\Users\theca\.m2\repository\org\springframework\boot\spring-boot-starter-json\2.7.11\spring-boot-starter-json-2.7.11.jar;C:\Users\theca\.m2\repository\com\fasterxml\jackson\datatype\jackson-datatype-jdk8\2.13.5\jackson-datatype-jdk8-2.13.5.jar;C:\Users\theca\.m2\repository\com\fasterxml\jackson\datatype\jackson-datatype-jsr310\2.13.5\jackson-datatype-jsr310-2.13.5.jar;C:\Users\theca\.m2\repository\com\fasterxml\jackson\module\jackson-module-parameter-names\2.13.5\jackson-module-parameter-names-2.13.5.jar;C:\Users\theca\.m2\repository\org\springframework\spring-web\5.3.27\spring-web-5.3.27.jar;C:\Users\theca\.m2\repository\org\springframework\spring-beans\5.3.27\spring-beans-5.3.27.jar;C:\Users\theca\.m2\repository\org\springframework\spring-webmvc\5.3.27\spring-webmvc-5.3.27.jar;C:\Users\theca\.m2\repository\org\springframework\spring-aop\5.3.27\spring-aop-5.3.27.jar;C:\Users\theca\.m2\repository\org\springframework\spring-context\5.3.27\spring-context-5.3.27.jar;C:\Users\theca\.m2\repository\org\springframework\spring-expression\5.3.27\spring-expression-5.3.27.jar;C:\Users\theca\.m2\repository\org\springframework\boot\spring-boot-starter-jetty\2.7.11\spring-boot-starter-jetty-2.7.11.jar;C:\Users\theca\.m2\repository\jakarta\servlet\jakarta.servlet-api\4.0.4\jakarta.servlet-api-4.0.4.jar;C:\Users\theca\.m2\repository\jakarta\websocket\jakarta.websocket-api\1.1.2\jakarta.websocket-api-1.1.2.jar;C:\Users\theca\.m2\repository\org\apache\tomcat\embed\tomcat-embed-el\9.0.74\tomcat-embed-el-9.0.74.jar;C:\Users\theca\.m2\repository\org\eclipse\jetty\jetty-servlets\9.4.51.v20230217\jetty-servlets-9.4.51.v20230217.jar;C:\Users\theca\.m2\repository\org\eclipse\jetty\jetty-continuation\9.4.51.v20230217\jetty-continuation-9.4.51.v20230217.jar;C:\Users\theca\.m2\repository\org\eclipse\jetty\jetty-http\9.4.51.v20230217\jetty-http-9.4.51.v20230217.jar;C:\Users\theca\.m2\repository\org\eclipse\jetty\jetty-util\9.4.51.v20230217\jetty-util-9.4.51.v20230217.jar;C:\Users\theca\.m2\repository\org\eclipse\jetty\jetty-io\9.4.51.v20230217\jetty-io-9.4.51.v20230217.jar;C:\Users\theca\.m2\repository\org\eclipse\jetty\jetty-webapp\9.4.51.v20230217\jetty-webapp-9.4.51.v20230217.jar;C:\Users\theca\.m2\repository\org\eclipse\jetty\jetty-xml\9.4.51.v20230217\jetty-xml-9.4.51.v20230217.jar;C:\Users\theca\.m2\repository\org\eclipse\jetty\websocket\websocket-server\9.4.51.v20230217\websocket-server-9.4.51.v20230217.jar;C:\Users\theca\.m2\repository\org\eclipse\jetty\websocket\websocket-common\9.4.51.v20230217\websocket-common-9.4.51.v20230217.jar;C:\Users\theca\.m2\repository\org\eclipse\jetty\websocket\websocket-client\9.4.51.v20230217\websocket-client-9.4.51.v20230217.jar;C:\Users\theca\.m2\repository\org\eclipse\jetty\jetty-client\9.4.51.v20230217\jetty-client-9.4.51.v20230217.jar;C:\Users\theca\.m2\repository\org\eclipse\jetty\websocket\javax-websocket-server-impl\9.4.51.v20230217\javax-websocket-server-impl-9.4.51.v20230217.jar;C:\Users\theca\.m2\repository\org\eclipse\jetty\jetty-annotations\9.4.51.v20230217\jetty-annotations-9.4.51.v20230217.jar;C:\Users\theca\.m2\repository\org\eclipse\jetty\jetty-plus\9.4.51.v20230217\jetty-plus-9.4.51.v20230217.jar;C:\Users\theca\.m2\repository\org\ow2\asm\asm\9.4\asm-9.4.jar;C:\Users\theca\.m2\repository\org\ow2\asm\asm-commons\9.4\asm-commons-9.4.jar;C:\Users\theca\.m2\repository\org\ow2\asm\asm-tree\9.4\asm-tree-9.4.jar;C:\Users\theca\.m2\repository\org\eclipse\jetty\websocket\javax-websocket-client-impl\9.4.51.v20230217\javax-websocket-client-impl-9.4.51.v20230217.jar;C:\Users\theca\.m2\repository\org\springframework\boot\spring-boot-starter-data-jpa\2.7.11\spring-boot-starter-data-jpa-2.7.11.jar;C:\Users\theca\.m2\repository\org\springframework\boot\spring-boot-starter-aop\2.7.11\spring-boot-starter-aop-2.7.11.jar;C:\Users\theca\.m2\repository\org\aspectj\aspectjweaver\1.9.7\aspectjweaver-1.9.7.jar;C:\Users\theca\.m2\repository\org\springframework\boot\spring-boot-starter-jdbc\2.7.11\spring-boot-starter-jdbc-2.7.11.jar;C:\Users\theca\.m2\repository\org\springframework\spring-jdbc\5.3.27\spring-jdbc-5.3.27.jar;C:\Users\theca\.m2\repository\jakarta\transaction\jakarta.transaction-api\1.3.3\jakarta.transaction-api-1.3.3.jar;C:\Users\theca\.m2\repository\jakarta\persistence\jakarta.persistence-api\2.2.3\jakarta.persistence-api-2.2.3.jar;C:\Users\theca\.m2\repository\org\hibernate\hibernate-core\5.6.15.Final\hibernate-core-5.6.15.Final.jar;C:\Users\theca\.m2\repository\org\jboss\logging\jboss-logging\3.4.3.Final\jboss-logging-3.4.3.Final.jar;C:\Users\theca\.m2\repository\antlr\antlr\2.7.7\antlr-2.7.7.jar;C:\Users\theca\.m2\repository\org\jboss\jandex\2.4.2.Final\jandex-2.4.2.Final.jar;C:\Users\theca\.m2\repository\com\fasterxml\classmate\1.5.1\classmate-1.5.1.jar;C:\Users\theca\.m2\repository\org\hibernate\common\hibernate-commons-annotations\5.1.2.Final\hibernate-commons-annotations-5.1.2.Final.jar;C:\Users\theca\.m2\repository\org\glassfish\jaxb\jaxb-runtime\2.3.8\jaxb-runtime-2.3.8.jar;C:\Users\theca\.m2\repository\org\glassfish\jaxb\txw2\2.3.8\txw2-2.3.8.jar;C:\Users\theca\.m2\repository\com\sun\istack\istack-commons-runtime\3.0.12\istack-commons-runtime-3.0.12.jar;C:\Users\theca\.m2\repository\org\springframework\data\spring-data-jpa\2.7.11\spring-data-jpa-2.7.11.jar;C:\Users\theca\.m2\repository\org\springframework\data\spring-data-commons\2.7.11\spring-data-commons-2.7.11.jar;C:\Users\theca\.m2\repository\org\springframework\spring-orm\5.3.27\spring-orm-5.3.27.jar;C:\Users\theca\.m2\repository\org\springframework\spring-tx\5.3.27\spring-tx-5.3.27.jar;C:\Users\theca\.m2\repository\org\springframework\spring-aspects\5.3.27\spring-aspects-5.3.27.jar;C:\Users\theca\.m2\repository\org\springframework\boot\spring-boot-starter-websocket\2.7.11\spring-boot-starter-websocket-2.7.11.jar;C:\Users\theca\.m2\repository\org\springframework\spring-messaging\5.3.27\spring-messaging-5.3.27.jar;C:\Users\theca\.m2\repository\org\springframework\spring-websocket\5.3.27\spring-websocket-5.3.27.jar;C:\Users\theca\.m2\repository\com\fasterxml\jackson\core\jackson-databind\2.14.2\jackson-databind-2.14.2.jar;C:\Users\theca\.m2\repository\com\fasterxml\jackson\core\jackson-annotations\2.13.5\jackson-annotations-2.13.5.jar;C:\Users\theca\.m2\repository\com\fasterxml\jackson\core\jackson-core\2.13.5\jackson-core-2.13.5.jar;C:\Users\theca\.m2\repository\com\sparkjava\spark-core\2.9.1\spark-core-2.9.1.jar;C:\Users\theca\.m2\repository\org\slf4j\slf4j-api\1.7.36\slf4j-api-1.7.36.jar;C:\Users\theca\.m2\repository\org\eclipse\jetty\jetty-server\9.4.51.v20230217\jetty-server-9.4.51.v20230217.jar;C:\Users\theca\.m2\repository\javax\servlet\javax.servlet-api\4.0.1\javax.servlet-api-4.0.1.jar;C:\Users\theca\.m2\repository\org\eclipse\jetty\websocket\websocket-servlet\9.4.51.v20230217\websocket-servlet-9.4.51.v20230217.jar;C:\Users\theca\.m2\repository\org\eclipse\jetty\websocket\websocket-api\9.4.51.v20230217\websocket-api-9.4.51.v20230217.jar;C:\Users\theca\.m2\repository\com\h2database\h2\2.1.212\h2-2.1.212.jar;C:\Users\theca\.m2\repository\com\zaxxer\HikariCP\2.6.1\HikariCP-2.6.1.jar;C:\Users\theca\.m2\repository\org\apache\commons\commons-lang3\3.5\commons-lang3-3.5.jar;C:\Users\theca\.m2\repository\org\apache\httpcomponents\httpclient\4.5.13\httpclient-4.5.13.jar;C:\Users\theca\.m2\repository\org\apache\httpcomponents\httpcore\4.4.16\httpcore-4.4.16.jar;C:\Users\theca\.m2\repository\commons-codec\commons-codec\1.15\commons-codec-1.15.jar;C:\Users\theca\.m2\repository\org\apache\httpcomponents\fluent-hc\4.5.13\fluent-hc-4.5.13.jar;C:\Users\theca\.m2\repository\commons-logging\commons-logging\1.2\commons-logging-1.2.jar;C:\Users\theca\.m2\repository\commons-io\commons-io\2.7\commons-io-2.7.jar;C:\Users\theca\.m2\repository\org\apache\commons\commons-email\1.5\commons-email-1.5.jar;C:\Users\theca\.m2\repository\com\sun\mail\javax.mail\1.5.6\javax.mail-1.5.6.jar;C:\Users\theca\.m2\repository\javax\activation\activation\1.1\activation-1.1.jar;C:\Users\theca\.m2\repository\org\projectlombok\lombok\1.18.22\lombok-1.18.22.jar;C:\Users\theca\.m2\repository\org\raml\raml-parser-2\1.0.25\raml-parser-2-1.0.25.jar;C:\Users\theca\.m2\repository\org\raml\yagi\1.0.25\yagi-1.0.25.jar;C:\Users\theca\.m2\repository\commons-lang\commons-lang\2.6\commons-lang-2.6.jar;C:\Users\theca\.m2\repository\com\google\code\findbugs\annotations\3.0.0\annotations-3.0.0.jar;C:\Users\theca\.m2\repository\joda-time\joda-time\2.3\joda-time-2.3.jar;C:\Users\theca\.m2\repository\com\google\guava\guava\18.0\guava-18.0.jar;C:\Users\theca\.m2\repository\com\fasterxml\jackson\module\jackson-module-jsonSchema\2.13.5\jackson-module-jsonSchema-2.13.5.jar;C:\Users\theca\.m2\repository\javax\validation\validation-api\2.0.1.Final\validation-api-2.0.1.Final.jar;C:\Users\theca\.m2\repository\com\github\java-json-tools\json-schema-validator\2.2.8\json-schema-validator-2.2.8.jar;C:\Users\theca\.m2\repository\com\github\java-json-tools\json-schema-core\1.2.8\json-schema-core-1.2.8.jar;C:\Users\theca\.m2\repository\org\mozilla\rhino\1.7R4\rhino-1.7R4.jar;C:\Users\theca\.m2\repository\com\github\fge\jackson-coreutils\1.8\jackson-coreutils-1.8.jar;C:\Users\theca\.m2\repository\com\github\fge\msg-simple\1.1\msg-simple-1.1.jar;C:\Users\theca\.m2\repository\com\github\fge\btf\1.2\btf-1.2.jar;C:\Users\theca\.m2\repository\com\github\fge\uri-template\0.9\uri-template-0.9.jar;C:\Users\theca\.m2\repository\com\googlecode\libphonenumber\libphonenumber\8.0.0\libphonenumber-8.0.0.jar;C:\Users\theca\.m2\repository\net\sf\jopt-simple\jopt-simple\5.0.3\jopt-simple-5.0.3.jar;C:\Users\theca\.m2\repository\com\googlecode\juniversalchardet\juniversalchardet\1.0.3\juniversalchardet-1.0.3.jar;C:\Users\theca\.m2\repository\org\apache\ws\xmlschema\xmlschema-core\2.2.1\xmlschema-core-2.2.1.jar;C:\Users\theca\.m2\repository\javax\json\javax.json-api\1.1.4\javax.json-api-1.1.4.jar;C:\Users\theca\.m2\repository\org\glassfish\javax.json\1.0.4\javax.json-1.0.4.jar;C:\Users\theca\.m2\repository\org\openapitools\openapi-generator-maven-plugin\5.1.0\openapi-generator-maven-plugin-5.1.0.jar;C:\Users\theca\.m2\repository\org\sonatype\plexus\plexus-build-api\0.0.7\plexus-build-api-0.0.7.jar;C:\Users\theca\.m2\repository\org\codehaus\plexus\plexus-utils\1.5.8\plexus-utils-1.5.8.jar;C:\Users\theca\.m2\repository\org\apache\maven\maven-core\3.3.1\maven-core-3.3.1.jar;C:\Users\theca\.m2\repository\org\apache\maven\maven-model\3.3.1\maven-model-3.3.1.jar;C:\Users\theca\.m2\repository\org\apache\maven\maven-settings\3.3.1\maven-settings-3.3.1.jar;C:\Users\theca\.m2\repository\org\apache\maven\maven-settings-builder\3.3.1\maven-settings-builder-3.3.1.jar;C:\Users\theca\.m2\repository\org\apache\maven\maven-builder-support\3.3.1\maven-builder-support-3.3.1.jar;C:\Users\theca\.m2\repository\org\apache\maven\maven-repository-metadata\3.3.1\maven-repository-metadata-3.3.1.jar;C:\Users\theca\.m2\repository\org\apache\maven\maven-artifact\3.3.1\maven-artifact-3.3.1.jar;C:\Users\theca\.m2\repository\org\apache\maven\maven-model-builder\3.3.1\maven-model-builder-3.3.1.jar;C:\Users\theca\.m2\repository\org\apache\maven\maven-aether-provider\3.3.1\maven-aether-provider-3.3.1.jar;C:\Users\theca\.m2\repository\org\eclipse\aether\aether-spi\1.0.2.v20150114\aether-spi-1.0.2.v20150114.jar;C:\Users\theca\.m2\repository\org\eclipse\aether\aether-impl\1.0.2.v20150114\aether-impl-1.0.2.v20150114.jar;C:\Users\theca\.m2\repository\org\eclipse\aether\aether-api\1.0.2.v20150114\aether-api-1.0.2.v20150114.jar;C:\Users\theca\.m2\repository\org\eclipse\aether\aether-util\1.0.2.v20150114\aether-util-1.0.2.v20150114.jar;C:\Users\theca\.m2\repository\org\eclipse\sisu\org.eclipse.sisu.plexus\0.3.0\org.eclipse.sisu.plexus-0.3.0.jar;C:\Users\theca\.m2\repository\javax\enterprise\cdi-api\1.0\cdi-api-1.0.jar;C:\Users\theca\.m2\repository\org\eclipse\sisu\org.eclipse.sisu.inject\0.3.0\org.eclipse.sisu.inject-0.3.0.jar;C:\Users\theca\.m2\repository\org\sonatype\sisu\sisu-guice\3.2.5\sisu-guice-3.2.5-no_aop.jar;C:\Users\theca\.m2\repository\javax\inject\javax.inject\1\javax.inject-1.jar;C:\Users\theca\.m2\repository\aopalliance\aopalliance\1.0\aopalliance-1.0.jar;C:\Users\theca\.m2\repository\org\codehaus\plexus\plexus-interpolation\1.21\plexus-interpolation-1.21.jar;C:\Users\theca\.m2\repository\org\codehaus\plexus\plexus-classworlds\2.5.2\plexus-classworlds-2.5.2.jar;C:\Users\theca\.m2\repository\org\codehaus\plexus\plexus-component-annotations\1.5.5\plexus-component-annotations-1.5.5.jar;C:\Users\theca\.m2\repository\org\sonatype\plexus\plexus-sec-dispatcher\1.3\plexus-sec-dispatcher-1.3.jar;C:\Users\theca\.m2\repository\org\sonatype\plexus\plexus-cipher\1.4\plexus-cipher-1.4.jar;C:\Users\theca\.m2\repository\org\apache\maven\maven-compat\3.5.0\maven-compat-3.5.0.jar;C:\Users\theca\.m2\repository\org\apache\maven\maven-resolver-provider\3.5.0\maven-resolver-provider-3.5.0.jar;C:\Users\theca\.m2\repository\org\apache\maven\resolver\maven-resolver-spi\1.0.3\maven-resolver-spi-1.0.3.jar;C:\Users\theca\.m2\repository\org\apache\maven\resolver\maven-resolver-api\1.0.3\maven-resolver-api-1.0.3.jar;C:\Users\theca\.m2\repository\org\apache\maven\resolver\maven-resolver-util\1.0.3\maven-resolver-util-1.0.3.jar;C:\Users\theca\.m2\repository\org\apache\maven\resolver\maven-resolver-impl\1.0.3\maven-resolver-impl-1.0.3.jar;C:\Users\theca\.m2\repository\org\apache\maven\wagon\wagon-provider-api\2.12\wagon-provider-api-2.12.jar;C:\Users\theca\.m2\repository\org\apache\maven\maven-plugin-api\3.3.1\maven-plugin-api-3.3.1.jar;C:\Users\theca\.m2\repository\org\apache\maven\plugin-tools\maven-plugin-annotations\3.4\maven-plugin-annotations-3.4.jar;C:\Users\theca\.m2\repository\org\openapitools\openapi-generator\5.1.0\openapi-generator-5.1.0.jar;C:\Users\theca\.m2\repository\io\swagger\core\v3\swagger-core\2.1.2\swagger-core-2.1.2.jar;C:\Users\theca\.m2\repository\com\fasterxml\jackson\dataformat\jackson-dataformat-yaml\2.13.5\jackson-dataformat-yaml-2.13.5.jar;C:\Users\theca\.m2\repository\io\swagger\core\v3\swagger-annotations\2.1.2\swagger-annotations-2.1.2.jar;C:\Users\theca\.m2\repository\io\swagger\core\v3\swagger-models\2.1.2\swagger-models-2.1.2.jar;C:\Users\theca\.m2\repository\jakarta\validation\jakarta.validation-api\2.0.2\jakarta.validation-api-2.0.2.jar;C:\Users\theca\.m2\repository\io\swagger\parser\v3\swagger-parser\2.0.24\swagger-parser-2.0.24.jar;C:\Users\theca\.m2\repository\io\swagger\parser\v3\swagger-parser-v2-converter\2.0.24\swagger-parser-v2-converter-2.0.24.jar;C:\Users\theca\.m2\repository\io\swagger\swagger-core\1.6.2\swagger-core-1.6.2.jar;C:\Users\theca\.m2\repository\io\swagger\swagger-models\1.6.2\swagger-models-1.6.2.jar;C:\Users\theca\.m2\repository\io\swagger\swagger-annotations\1.6.2\swagger-annotations-1.6.2.jar;C:\Users\theca\.m2\repository\io\swagger\swagger-parser\1.0.53\swagger-parser-1.0.53.jar;C:\Users\theca\.m2\repository\io\swagger\swagger-compat-spec-parser\1.0.53\swagger-compat-spec-parser-1.0.53.jar;C:\Users\theca\.m2\repository\com\github\java-json-tools\json-patch\1.13\json-patch-1.13.jar;C:\Users\theca\.m2\repository\com\github\java-json-tools\msg-simple\1.2\msg-simple-1.2.jar;C:\Users\theca\.m2\repository\com\github\java-json-tools\btf\1.3\btf-1.3.jar;C:\Users\theca\.m2\repository\com\github\java-json-tools\jackson-coreutils\2.0\jackson-coreutils-2.0.jar;C:\Users\theca\.m2\repository\io\swagger\parser\v3\swagger-parser-core\2.0.24\swagger-parser-core-2.0.24.jar;C:\Users\theca\.m2\repository\io\swagger\parser\v3\swagger-parser-v3\2.0.24\swagger-parser-v3-2.0.24.jar;C:\Users\theca\.m2\repository\com\samskivert\jmustache\1.15\jmustache-1.15.jar;C:\Users\theca\.m2\repository\com\github\jknack\handlebars\4.1.2\handlebars-4.1.2.jar;C:\Users\theca\.m2\repository\com\github\jknack\handlebars-jackson2\4.1.2\handlebars-jackson2-4.1.2.jar;C:\Users\theca\.m2\repository\org\slf4j\slf4j-ext\1.7.36\slf4j-ext-1.7.36.jar;C:\Users\theca\.m2\repository\org\slf4j\slf4j-simple\1.7.36\slf4j-simple-1.7.36.jar;C:\Users\theca\.m2\repository\commons-cli\commons-cli\1.2\commons-cli-1.2.jar;C:\Users\theca\.m2\repository\com\fasterxml\jackson\datatype\jackson-datatype-guava\2.13.5\jackson-datatype-guava-2.13.5.jar;C:\Users\theca\.m2\repository\com\atlassian\commonmark\commonmark\0.11.0\commonmark-0.11.0.jar;C:\Users\theca\.m2\repository\com\github\mifmif\generex\1.0.2\generex-1.0.2.jar;C:\Users\theca\.m2\repository\dk\brics\automaton\automaton\1.11-8\automaton-1.11-8.jar;C:\Users\theca\.m2\repository\com\github\curious-odd-man\rgxgen\1.3\rgxgen-1.3.jar;C:\Users\theca\.m2\repository\com\fasterxml\jackson\datatype\jackson-datatype-joda\2.13.5\jackson-datatype-joda-2.13.5.jar;C:\Users\theca\.m2\repository\com\github\joschi\jackson\jackson-datatype-threetenbp\2.10.0\jackson-datatype-threetenbp-2.10.0.jar;C:\Users\theca\.m2\repository\org\threeten\threetenbp\1.4.0\threetenbp-1.4.0.jar;C:\Users\theca\.m2\repository\org\openapitools\openapi-generator-core\5.1.0\openapi-generator-core-5.1.0.jar;C:\Users\theca\.m2\repository\net\java\dev\jna\jna\5.5.0\jna-5.5.0.jar;C:\Users\theca\.m2\repository\com\github\ben-manes\caffeine\caffeine\2.9.3\caffeine-2.9.3.jar;C:\Users\theca\.m2\repository\org\checkerframework\checker-qual\3.19.0\checker-qual-3.19.0.jar;C:\Users\theca\.m2\repository\org\jasypt\jasypt\1.9.2\jasypt-1.9.2.jar;C:\Users\theca\.m2\repository\com\auth0\java-jwt\3.4.0\java-jwt-3.4.0.jar;C:\Users\theca\.m2\repository\com\amazonaws\aws-java-sdk-s3\1.12.261\aws-java-sdk-s3-1.12.261.jar;C:\Users\theca\.m2\repository\com\amazonaws\aws-java-sdk-kms\1.12.261\aws-java-sdk-kms-1.12.261.jar;C:\Users\theca\.m2\repository\com\amazonaws\aws-java-sdk-core\1.12.261\aws-java-sdk-core-1.12.261.jar;C:\Users\theca\.m2\repository\software\amazon\ion\ion-java\1.0.2\ion-java-1.0.2.jar;C:\Users\theca\.m2\repository\com\fasterxml\jackson\dataformat\jackson-dataformat-cbor\2.13.5\jackson-dataformat-cbor-2.13.5.jar;C:\Users\theca\.m2\repository\com\amazonaws\jmespath-java\1.12.261\jmespath-java-1.12.261.jar;C:\Users\theca\.m2\repository\org\gaul\s3proxy\1.7.1\s3proxy-1.7.1.jar;C:\Users\theca\.m2\repository\args4j\args4j\2.33\args4j-2.33.jar;C:\Users\theca\.m2\repository\javax\xml\bind\jaxb-api\2.3.1\jaxb-api-2.3.1.jar;C:\Users\theca\.m2\repository\javax\activation\javax.activation-api\1.2.0\javax.activation-api-1.2.0.jar;C:\Users\theca\.m2\repository\com\fasterxml\jackson\dataformat\jackson-dataformat-xml\2.13.5\jackson-dataformat-xml-2.13.5.jar;C:\Users\theca\.m2\repository\org\codehaus\woodstox\stax2-api\4.2.1\stax2-api-4.2.1.jar;C:\Users\theca\.m2\repository\com\fasterxml\woodstox\woodstox-core\6.4.0\woodstox-core-6.4.0.jar;C:\Users\theca\.m2\repository\com\google\code\findbugs\jsr305\3.0.2\jsr305-3.0.2.jar;C:\Users\theca\.m2\repository\commons-fileupload\commons-fileupload\1.4\commons-fileupload-1.4.jar;C:\Users\theca\.m2\repository\org\apache\jclouds\jclouds-allblobstore\2.2.1\jclouds-allblobstore-2.2.1.jar;C:\Users\theca\.m2\repository\org\apache\jclouds\api\s3\2.2.1\s3-2.2.1.jar;C:\Users\theca\.m2\repository\com\jamesmurty\utils\java-xmlbuilder\1.1\java-xmlbuilder-1.1.jar;C:\Users\theca\.m2\repository\net\iharder\base64\2.3.8\base64-2.3.8.jar;C:\Users\theca\.m2\repository\org\apache\jclouds\api\sts\2.2.1\sts-2.2.1.jar;C:\Users\theca\.m2\repository\org\apache\jclouds\provider\aws-s3\2.2.1\aws-s3-2.2.1.jar;C:\Users\theca\.m2\repository\org\apache\jclouds\provider\azureblob\2.2.1\azureblob-2.2.1.jar;C:\Users\theca\.m2\repository\org\apache\jclouds\api\atmos\2.2.1\atmos-2.2.1.jar;C:\Users\theca\.m2\repository\org\apache\jclouds\provider\b2\2.2.1\b2-2.2.1.jar;C:\Users\theca\.m2\repository\org\apache\jclouds\provider\google-cloud-storage\2.2.1\google-cloud-storage-2.2.1.jar;C:\Users\theca\.m2\repository\org\apache\jclouds\common\googlecloud\2.2.1\googlecloud-2.2.1.jar;C:\Users\theca\.m2\repository\org\apache\jclouds\api\oauth\2.2.1\oauth-2.2.1.jar;C:\Users\theca\.m2\repository\org\apache\jclouds\api\openstack-swift\2.2.1\openstack-swift-2.2.1.jar;C:\Users\theca\.m2\repository\org\apache\jclouds\api\openstack-keystone\2.2.1\openstack-keystone-2.2.1.jar;C:\Users\theca\.m2\repository\com\google\inject\extensions\guice-multibindings\3.0\guice-multibindings-3.0.jar;C:\Users\theca\.m2\repository\org\apache\jclouds\provider\rackspace-cloudfiles-us\2.2.1\rackspace-cloudfiles-us-2.2.1.jar;C:\Users\theca\.m2\repository\org\apache\jclouds\api\rackspace-cloudfiles\2.2.1\rackspace-cloudfiles-2.2.1.jar;C:\Users\theca\.m2\repository\org\apache\jclouds\api\rackspace-cloudidentity\2.2.1\rackspace-cloudidentity-2.2.1.jar;C:\Users\theca\.m2\repository\org\apache\jclouds\provider\rackspace-cloudfiles-uk\2.2.1\rackspace-cloudfiles-uk-2.2.1.jar;C:\Users\theca\.m2\repository\com\google\errorprone\error_prone_annotations\2.1.0\error_prone_annotations-2.1.0.jar;C:\Users\theca\.m2\repository\org\apache\jclouds\api\filesystem\2.2.1\filesystem-2.2.1.jar;C:\Users\theca\.m2\repository\org\apache\jclouds\jclouds-blobstore\2.2.1\jclouds-blobstore-2.2.1.jar;C:\Users\theca\.m2\repository\org\apache\jclouds\driver\jclouds-slf4j\2.2.1\jclouds-slf4j-2.2.1.jar;C:\Users\theca\.m2\repository\org\apache\jclouds\jclouds-core\2.2.1\jclouds-core-2.2.1.jar;C:\Users\theca\.m2\repository\javax\ws\rs\javax.ws.rs-api\2.0.1\javax.ws.rs-api-2.0.1.jar;C:\Users\theca\.m2\repository\com\google\inject\extensions\guice-assistedinject\3.0\guice-assistedinject-3.0.jar;C:\Users\theca\.m2\repository\com\google\inject\guice\3.0\guice-3.0.jar;C:\Users\theca\.m2\repository\javax\annotation\jsr250-api\1.0\jsr250-api-1.0.jar;C:\Users\theca\.m2\repository\org\apache\jclouds\jclouds-gson\2.2.1\jclouds-gson-2.2.1.jar;C:\Users\theca\.m2\repository\org\eclipse\jetty\jetty-servlet\9.4.51.v20230217\jetty-servlet-9.4.51.v20230217.jar;C:\Users\theca\.m2\repository\org\eclipse\jetty\jetty-security\9.4.51.v20230217\jetty-security-9.4.51.v20230217.jar;C:\Users\theca\.m2\repository\org\eclipse\jetty\jetty-util-ajax\9.4.51.v20230217\jetty-util-ajax-9.4.51.v20230217.jar;C:\Users\theca\.m2\repository\com\icegreen\greenmail\1.6.5\greenmail-1.6.5.jar;C:\Users\theca\.m2\repository\com\sun\mail\jakarta.mail\1.6.7\jakarta.mail-1.6.7.jar;C:\Users\theca\.m2\repository\com\sun\activation\jakarta.activation\1.2.2\jakarta.activation-1.2.2.jar;C:\Users\theca\.m2\repository\junit\junit\4.13.2\junit-4.13.2.jar;C:\Users\theca\.m2\repository\com\github\alexdlaird\java-ngrok\2.1.0\java-ngrok-2.1.0.jar;C:\Users\theca\.m2\repository\com\google\code\gson\gson\2.9.1\gson-2.9.1.jar;C:\Users\theca\.m2\repository\org\yaml\snakeyaml\1.30\snakeyaml-1.30.jar;C:\Users\theca\.m2\repository\org\mockito\mockito-core\3.2.0\mockito-core-3.2.0.jar;C:\Users\theca\.m2\repository\net\bytebuddy\byte-buddy\1.12.23\byte-buddy-1.12.23.jar;C:\Users\theca\.m2\repository\net\bytebuddy\byte-buddy-agent\1.12.23\byte-buddy-agent-1.12.23.jar;C:\Users\theca\.m2\repository\org\objenesis\objenesis\2.6\objenesis-2.6.jar;C:\Users\theca\.m2\repository\org\springframework\boot\spring-boot-starter-test\2.7.11\spring-boot-starter-test-2.7.11.jar;C:\Users\theca\.m2\repository\org\springframework\boot\spring-boot-test\2.7.11\spring-boot-test-2.7.11.jar;C:\Users\theca\.m2\repository\org\springframework\boot\spring-boot-test-autoconfigure\2.7.11\spring-boot-test-autoconfigure-2.7.11.jar;C:\Users\theca\.m2\repository\com\jayway\jsonpath\json-path\2.7.0\json-path-2.7.0.jar;C:\Users\theca\.m2\repository\net\minidev\json-smart\2.4.10\json-smart-2.4.10.jar;C:\Users\theca\.m2\repository\net\minidev\accessors-smart\2.4.9\accessors-smart-2.4.9.jar;C:\Users\theca\.m2\repository\jakarta\xml\bind\jakarta.xml.bind-api\2.3.3\jakarta.xml.bind-api-2.3.3.jar;C:\Users\theca\.m2\repository\jakarta\activation\jakarta.activation-api\1.2.2\jakarta.activation-api-1.2.2.jar;C:\Users\theca\.m2\repository\org\assertj\assertj-core\3.22.0\assertj-core-3.22.0.jar;C:\Users\theca\.m2\repository\org\hamcrest\hamcrest\2.2\hamcrest-2.2.jar;C:\Users\theca\.m2\repository\org\junit\jupiter\junit-jupiter\5.8.2\junit-jupiter-5.8.2.jar;C:\Users\theca\.m2\repository\org\junit\jupiter\junit-jupiter-api\5.8.2\junit-jupiter-api-5.8.2.jar;C:\Users\theca\.m2\repository\org\junit\jupiter\junit-jupiter-params\5.8.2\junit-jupiter-params-5.8.2.jar;C:\Users\theca\.m2\repository\org\junit\jupiter\junit-jupiter-engine\5.8.2\junit-jupiter-engine-5.8.2.jar;C:\Users\theca\.m2\repository\org\mockito\mockito-junit-jupiter\4.5.1\mockito-junit-jupiter-4.5.1.jar;C:\Users\theca\.m2\repository\org\skyscreamer\jsonassert\1.5.1\jsonassert-1.5.1.jar;C:\Users\theca\.m2\repository\com\vaadin\external\google\android-json\0.0.20131108.vaadin1\android-json-0.0.20131108.vaadin1.jar;C:\Users\theca\.m2\repository\org\springframework\spring-core\5.3.27\spring-core-5.3.27.jar;C:\Users\theca\.m2\repository\org\springframework\spring-jcl\5.3.27\spring-jcl-5.3.27.jar;C:\Users\theca\.m2\repository\org\springframework\spring-test\5.3.27\spring-test-5.3.27.jar;C:\Users\theca\.m2\repository\org\xmlunit\xmlunit-core\2.9.1\xmlunit-core-2.9.1.jar;C:\Users\theca\.m2\repository\org\junit\vintage\junit-vintage-engine\5.8.2\junit-vintage-engine-5.8.2.jar;C:\Users\theca\.m2\repository\org\junit\platform\junit-platform-engine\1.8.2\junit-platform-engine-1.8.2.jar;C:\Users\theca\.m2\repository\org\opentest4j\opentest4j\1.2.0\opentest4j-1.2.0.jar;C:\Users\theca\.m2\repository\org\junit\platform\junit-platform-commons\1.8.2\junit-platform-commons-1.8.2.jar;C:\Users\theca\.m2\repository\org\apiguardian\apiguardian-api\1.1.2\apiguardian-api-1.1.2.jar;"/>
    <property name="sun.cpu.endian" value="little"/>
    <property name="user.home" value="C:\Users\theca"/>
    <property name="user.language" value="pt"/>
    <property name="java.specification.vendor" value="Oracle Corporation"/>
    <property name="java.version.date" value="2024-01-16"/>
    <property name="java.home" value="C:\Program Files\Java\jdk-11"/>
    <property name="file.separator" value="\"/>
    <property name="basedir" value="C:\Users\theca\OneDrive\Documentos\programaçao\sMockin"/>
    <property name="java.vm.compressedOopsMode" value="32-bit"/>
    <property name="line.separator" value="&#10;"/>
    <property name="java.specification.name" value="Java Platform API Specification"/>
    <property name="java.vm.specification.vendor" value="Oracle Corporation"/>
    <property name="java.awt.graphicsenv" value="sun.awt.Win32GraphicsEnvironment"/>
    <property name="surefire.real.class.path" value="C:\Users\theca\AppData\Local\Temp\surefire11523379410918739948\surefirebooter3977057933333060141.jar"/>
    <property name="user.script" value=""/>
    <property name="sun.management.compiler" value="HotSpot 64-Bit Tiered Compilers"/>
    <property name="java.runtime.version" value="11.0.22+9-LTS-219"/>
    <property name="user.name" value="theca"/>
    <property name="path.separator" value=";"/>
    <property name="os.version" value="10.0"/>
    <property name="java.runtime.name" value="Java(TM) SE Runtime Environment"/>
    <property name="file.encoding" value="Cp1252"/>
    <property name="java.vm.name" value="Java HotSpot(TM) 64-Bit Server VM"/>
    <property name="java.vendor.version" value="18.9"/>
    <property name="localRepository" value="C:\Users\theca\.m2\repository"/>
    <property name="java.vendor.url.bug" value="https://bugreport.java.com/bugreport/"/>
    <property name="java.io.tmpdir" value="C:\Users\theca\AppData\Local\Temp\"/>
    <property name="java.version" value="11.0.22"/>
    <property name="user.dir" value="C:\Users\theca\OneDrive\Documentos\programaçao\sMockin"/>
    <property name="os.arch" value="amd64"/>
    <property name="java.vm.specification.name" value="Java Virtual Machine Specification"/>
    <property name="java.awt.printerjob" value="sun.awt.windows.WPrinterJob"/>
    <property name="sun.os.patch.level" value=""/>
    <property name="java.library.path" value="C:\Program Files\Java\jdk-11\bin;C:\WINDOWS\Sun\Java\bin;C:\WINDOWS\system32;C:\WINDOWS;C:\Program Files\Common Files\Oracle\Java\javapath;C:\Program Files (x86)\NVIDIA Corporation\PhysX\Common;C:\Program Files (x86)\Common Files\Oracle\Java\javapath;C:\WINDOWS\system32;C:\WINDOWS;C:\WINDOWS\System32\Wbem;C:\WINDOWS\System32\WindowsPowerShell\v1.0\;C:\WINDOWS\System32\OpenSSH\;C:\Program Files\nodejs\;C:\Program Files\dotnet\;C:\Program Files\Git\cmd;C:\Program Files\Docker\Docker\resources\bin;C:\Program Files (x86)\Java\jre-1.8\bin;C:\Program Files\Java\jdk-11\bin;C:\Ruby32-x64\bin;C:\Users\theca\AppData\Local\Microsoft\WindowsApps;C:\Users\theca\AppData\Local\Programs\Microsoft VS Code\bin;C:\Users\theca\AppData\Roaming\npm;C:\Users\theca\Downloads\apache-maven-3.9.6-bin\apache-maven-3.9.6\bin;;."/>
    <property name="java.vendor" value="Oracle Corporation"/>
    <property name="java.vm.info" value="mixed mode"/>
    <property name="java.vm.version" value="11.0.22+9-LTS-219"/>
    <property name="java.specification.maintenance.version" value="2"/>
    <property name="sun.io.unicode.encoding" value="UnicodeLittle"/>
    <property name="java.class.version" value="55.0"/>
  </properties>
  <testcase name="proxyConcurrency_indefiniteWait_Test" classname="com.smockin.mockserver.service.HttpProxyServiceTest" time="3.015"/>
  <testcase name="proxyConcurrency_itemAlreadyInQueue_Test" classname="com.smockin.mockserver.service.HttpProxyServiceTest" time="0.009"/>
  <testcase name="proxyConcurrency_timeoutWait_Test" classname="com.smockin.mockserver.service.HttpProxyServiceTest" time="3.009"/>
</testsuite>